<?xml version="1.0" encoding="UTF-8"?>
<testsuite xmlns:xsi="http://www.w3.org/2001/XMLSchema-instance" xsi:noNamespaceSchemaLocation="https://maven.apache.org/surefire/maven-surefire-plugin/xsd/surefire-test-report-3.0.xsd" version="3.0" name="test.java.edu.eci.cvds.tdd.library.loan.LoanTest" time="0.035" tests="9" errors="0" skipped="0" failures="0">
  <properties>
[...]
</properties>
  <testcase name="testSetLoanDate" classname="test.java.edu.eci.cvds.tdd.library.loan.LoanTest" time="0.004"/>
  <testcase name="testGetLoanDate" classname="test.java.edu.eci.cvds.tdd.library.loan.LoanTest" time="0.001"/>
  <testcase name="testSetReturnDate" classname="test.java.edu.eci.cvds.tdd.library.loan.LoanTest" time="0.002"/>
  <testcase name="testGetBook" classname="test.java.edu.eci.cvds.tdd.library.loan.LoanTest" time="0.001"/>
  <testcase name="testGetUser" classname="test.java.edu.eci.cvds.tdd.library.loan.LoanTest" time="0.002"/>
  <testcase name="testGetReturnDateInitiallyNull" classname="test.java.edu.eci.cvds.tdd.library.loan.LoanTest" time="0.002"/>
  <testcase name="testGetStatus" classname="test.java.edu.eci.cvds.tdd.library.loan.LoanTest" time="0.002"/>
  <testcase name="testSetBook" classname="test.java.edu.eci.cvds.tdd.library.loan.LoanTest" time="0.001"/>
  <testcase name="testSetUser" classname="test.java.edu.eci.cvds.tdd.library.loan.LoanTest" time="0.002"/>
</testsuite>